<?xml version="1.0" encoding="UTF-8"?>
<!-- Generated by org.testng.reporters.JUnitReportReporter -->
<testsuite hostname="Apeksha" failures="0" tests="1" name="Tutorials.NewTest" time="7.933" errors="0" timestamp="2023-09-08T22:14:52 IST" skipped="0">
  <testcase classname="Tutorials.NewTest" name="f" time="7.933"/>
  <system-out/>
</testsuite> <!-- Tutorials.NewTest -->
